2025-09-02 22:38:50,506 - __main__ - INFO - IM
2025-09-02 22:44:16,405 - __main__ - INFO - IM
2025-09-02 22:58:13,853 - __main__ - ERROR - Errore durante l'esecuzione della query: ORA-00900: invalid SQL statement
Help: https://docs.oracle.com/error-help/db/ora-00900/
2025-09-02 22:58:58,389 - __main__ - ERROR - Errore durante l'esecuzione della query: SELEC * FROM CURRENT_ETF
ORA-00900: invalid SQL statement
Help: https://docs.oracle.com/error-help/db/ora-00900/
2025-09-02 22:59:20,713 - __main__ - ERROR - Errore durante l'esecuzione della query: SELEC * FROM CURRENT_ETF - ORA-00900: invalid SQL statement
Help: https://docs.oracle.com/error-help/db/ora-00900/
2025-09-02 23:02:04,758 - __main__ - INFO - fetched 4 rows using SELECT * FROM CURRENT_ETF
2025-09-02 23:10:51,740 - __main__ - INFO - fetched 4 rows using SELECT * FROM CURRENT_ETF
2025-09-02 23:14:43,206 - __main__ - INFO - fetched 4 rows using SELECT * FROM CURRENT_ETF
2025-09-02 23:14:50,493 - __main__ - INFO - fetched 4 rows using SELECT * FROM CURRENT_ETF
2025-09-02 23:14:58,383 - __main__ - INFO - fetched 4 rows using SELECT * FROM CURRENT_ETF
2025-09-02 23:15:23,496 - __main__ - INFO - fetched 4 rows using SELECT * FROM CURRENT_ETF
2025-09-02 23:15:23,497 - __main__ - ERROR - Errore durante l'esecuzione della query: SELECT * FROM CURRENT_ETF - too many values to unpack (expected 2)
2025-09-02 23:16:31,585 - __main__ - INFO - fetched 4 rows using SELECT * FROM CURRENT_ETF
2025-09-02 23:18:19,172 - __main__ - INFO - fetched 4 rows using SELECT * FROM CURRENT_ETF
2025-09-02 23:18:37,633 - __main__ - INFO - fetched 4 rows using SELECT * FROM CURRENT_ETF
2025-09-02 23:22:31,285 - __main__ - INFO - fetched 4 rows using SELECT * FROM CURRENT_ETF
2025-09-02 23:22:46,703 - __main__ - INFO - fetched 4 rows using SELECT * FROM CURRENT_ETF
2025-09-02 23:23:16,143 - __main__ - INFO - fetched 4 rows using SELECT * FROM CURRENT_ETF
2025-09-02 23:23:28,693 - __main__ - INFO - fetched 4 rows using SELECT * FROM CURRENT_ETF
2025-09-02 23:24:22,141 - __main__ - INFO - fetched 4 rows using SELECT * FROM CURRENT_ETF
2025-09-02 23:24:34,224 - __main__ - INFO - fetched 4 rows using SELECT * FROM CURRENT_ETF
2025-09-02 23:25:07,813 - __main__ - INFO - fetched 4 rows using SELECT * FROM CURRENT_ETF
2025-09-02 23:25:54,787 - __main__ - INFO - fetched 4 rows using SELECT * FROM CURRENT_ETF
2025-09-02 23:28:40,972 - __main__ - INFO - fetched 5149 rows using SELECT TICKER, DATA, CLOSE_PRICE FROM ETF_HISTORY WHERE TICKER IN (SELECT TICKER FROM CURRENT_ETF) AND DATA >= '01-JAN-2020' ORDER BY DATA
2025-09-02 23:31:21,487 - __main__ - INFO - fetched 5149 rows using SELECT TICKER, DATA, CLOSE_PRICE FROM ETF_HISTORY WHERE TICKER IN (SELECT TICKER FROM CURRENT_ETF) AND DATA >= '01-JAN-2020' ORDER BY DATA
2025-09-02 23:32:15,536 - __main__ - INFO - fetched 5149 rows using SELECT TICKER, DATA, CLOSE_PRICE FROM ETF_HISTORY WHERE TICKER IN (SELECT TICKER FROM CURRENT_ETF) AND DATA >= '01-JAN-2020' ORDER BY DATA
2025-09-02 23:32:15,538 - __main__ - ERROR - Errore durante l'esecuzione della query: SELECT TICKER, DATA, CLOSE_PRICE FROM ETF_HISTORY WHERE TICKER IN (SELECT TICKER FROM CURRENT_ETF) AND DATA >= '01-JAN-2020' ORDER BY DATA - 'list' object has no attribute 'items'
2025-09-02 23:32:32,908 - __main__ - INFO - fetched 5149 rows using SELECT TICKER, DATA, CLOSE_PRICE FROM ETF_HISTORY WHERE TICKER IN (SELECT TICKER FROM CURRENT_ETF) AND DATA >= '01-JAN-2020' ORDER BY DATA
2025-09-02 23:32:32,910 - __main__ - ERROR - Errore durante l'esecuzione della query: SELECT TICKER, DATA, CLOSE_PRICE FROM ETF_HISTORY WHERE TICKER IN (SELECT TICKER FROM CURRENT_ETF) AND DATA >= '01-JAN-2020' ORDER BY DATA - 'list' object has no attribute 'items'
2025-09-02 23:32:51,175 - __main__ - INFO - fetched 5149 rows using SELECT TICKER, DATA, CLOSE_PRICE FROM ETF_HISTORY WHERE TICKER IN (SELECT TICKER FROM CURRENT_ETF) AND DATA >= '01-JAN-2020' ORDER BY DATA
2025-09-02 23:33:14,682 - __main__ - INFO - fetched 5149 rows using SELECT TICKER, DATA, CLOSE_PRICE FROM ETF_HISTORY WHERE TICKER IN (SELECT TICKER FROM CURRENT_ETF) AND DATA >= '01-JAN-2020' ORDER BY DATA
2025-09-02 23:33:43,330 - __main__ - INFO - fetched 5149 rows using SELECT TICKER, DATA, CLOSE_PRICE FROM ETF_HISTORY WHERE TICKER IN (SELECT TICKER FROM CURRENT_ETF) AND DATA >= '01-JAN-2020' ORDER BY DATA
2025-09-02 23:34:38,812 - __main__ - INFO - fetched 5149 rows using SELECT TICKER, DATA, CLOSE_PRICE FROM ETF_HISTORY WHERE TICKER IN (SELECT TICKER FROM CURRENT_ETF) AND DATA >= '01-JAN-2020' ORDER BY DATA
2025-09-02 23:35:03,944 - __main__ - INFO - fetched 5149 rows using SELECT TICKER, DATA, CLOSE_PRICE FROM ETF_HISTORY WHERE TICKER IN (SELECT TICKER FROM CURRENT_ETF) AND DATA >= '01-JAN-2020' ORDER BY DATA
2025-09-02 23:35:16,225 - __main__ - INFO - fetched 5149 rows using SELECT TICKER, DATA, CLOSE_PRICE FROM ETF_HISTORY WHERE TICKER IN (SELECT TICKER FROM CURRENT_ETF) AND DATA >= '01-JAN-2020' ORDER BY DATA
2025-09-02 23:35:16,226 - __main__ - ERROR - Errore durante l'esecuzione della query: SELECT TICKER, DATA, CLOSE_PRICE FROM ETF_HISTORY WHERE TICKER IN (SELECT TICKER FROM CURRENT_ETF) AND DATA >= '01-JAN-2020' ORDER BY DATA - list expected at most 1 argument, got 3
2025-09-02 23:35:29,518 - __main__ - INFO - fetched 5149 rows using SELECT TICKER, DATA, CLOSE_PRICE FROM ETF_HISTORY WHERE TICKER IN (SELECT TICKER FROM CURRENT_ETF) AND DATA >= '01-JAN-2020' ORDER BY DATA
2025-09-02 23:36:09,648 - __main__ - INFO - fetched 5149 rows using SELECT TICKER, DATA, CLOSE_PRICE FROM ETF_HISTORY WHERE TICKER IN (SELECT TICKER FROM CURRENT_ETF) AND DATA >= '01-JAN-2020' ORDER BY DATA
2025-09-03 00:09:56,254 - __main__ - INFO - fetched 5149 rows using SELECT TICKER, DATA, CLOSE_PRICE FROM ETF_HISTORY WHERE TICKER IN (SELECT TICKER FROM CURRENT_ETF) AND DATA >= '01-JAN-2020' ORDER BY DATA
2025-09-03 00:09:56,258 - __main__ - ERROR - Errore durante l'esecuzione della query: SELECT TICKER, DATA, CLOSE_PRICE FROM ETF_HISTORY WHERE TICKER IN (SELECT TICKER FROM CURRENT_ETF) AND DATA >= '01-JAN-2020' ORDER BY DATA - too many values to unpack (expected 2)
2025-09-03 00:10:14,836 - __main__ - INFO - fetched 5149 rows using SELECT TICKER, DATA, CLOSE_PRICE FROM ETF_HISTORY WHERE TICKER IN (SELECT TICKER FROM CURRENT_ETF) AND DATA >= '01-JAN-2020' ORDER BY DATA
2025-09-03 00:10:14,840 - __main__ - ERROR - Errore durante l'esecuzione della query: SELECT TICKER, DATA, CLOSE_PRICE FROM ETF_HISTORY WHERE TICKER IN (SELECT TICKER FROM CURRENT_ETF) AND DATA >= '01-JAN-2020' ORDER BY DATA - too many values to unpack (expected 2)
2025-09-03 00:10:50,180 - __main__ - INFO - fetched 5149 rows using SELECT TICKER, DATA, CLOSE_PRICE FROM ETF_HISTORY WHERE TICKER IN (SELECT TICKER FROM CURRENT_ETF) AND DATA >= '01-JAN-2020' ORDER BY DATA
2025-09-03 00:10:50,185 - __main__ - ERROR - Errore durante l'esecuzione della query: SELECT TICKER, DATA, CLOSE_PRICE FROM ETF_HISTORY WHERE TICKER IN (SELECT TICKER FROM CURRENT_ETF) AND DATA >= '01-JAN-2020' ORDER BY DATA - too many values to unpack (expected 2)
2025-09-03 00:11:20,155 - __main__ - INFO - fetched 5149 rows using SELECT TICKER, DATA, CLOSE_PRICE FROM ETF_HISTORY WHERE TICKER IN (SELECT TICKER FROM CURRENT_ETF) AND DATA >= '01-JAN-2020' ORDER BY DATA
2025-09-03 00:16:26,550 - __main__ - INFO - fetched 5149 rows using SELECT TICKER, DATA, CLOSE_PRICE FROM ETF_HISTORY WHERE TICKER IN (SELECT TICKER FROM CURRENT_ETF) AND DATA >= '01-JAN-2020' ORDER BY DATA
2025-09-03 00:16:26,554 - __main__ - ERROR - Errore durante l'esecuzione della query: SELECT TICKER, DATA, CLOSE_PRICE FROM ETF_HISTORY WHERE TICKER IN (SELECT TICKER FROM CURRENT_ETF) AND DATA >= '01-JAN-2020' ORDER BY DATA - too many values to unpack (expected 2)
2025-09-03 00:27:13,484 - __main__ - INFO - fetched 5149 rows using SELECT TICKER, DATA, CLOSE_PRICE FROM ETF_HISTORY WHERE TICKER IN (SELECT TICKER FROM CURRENT_ETF) AND DATA >= '01-JAN-2020' ORDER BY DATA
2025-09-03 00:27:23,187 - __main__ - INFO - fetched 5149 rows using SELECT TICKER, DATA, CLOSE_PRICE FROM ETF_HISTORY WHERE TICKER IN (SELECT TICKER FROM CURRENT_ETF) AND DATA >= '01-JAN-2020' ORDER BY DATA
2025-09-03 00:28:31,135 - __main__ - INFO - fetched 5149 rows using SELECT TICKER, DATA, CLOSE_PRICE FROM ETF_HISTORY WHERE TICKER IN (SELECT TICKER FROM CURRENT_ETF) AND DATA >= '01-JAN-2020' ORDER BY DATA
2025-09-03 00:28:43,353 - __main__ - INFO - fetched 5149 rows using SELECT TICKER, DATA, CLOSE_PRICE FROM ETF_HISTORY WHERE TICKER IN (SELECT TICKER FROM CURRENT_ETF) AND DATA >= '01-JAN-2020' ORDER BY DATA
2025-09-03 00:29:14,473 - __main__ - INFO - fetched 5149 rows using SELECT TICKER, DATA, CLOSE_PRICE FROM ETF_HISTORY WHERE TICKER IN (SELECT TICKER FROM CURRENT_ETF) AND DATA >= '01-JAN-2020' ORDER BY DATA
2025-09-03 00:29:24,346 - __main__ - INFO - fetched 5149 rows using SELECT TICKER, DATA, CLOSE_PRICE FROM ETF_HISTORY WHERE TICKER IN (SELECT TICKER FROM CURRENT_ETF) AND DATA >= '01-JAN-2020' ORDER BY DATA
2025-09-03 00:30:04,041 - __main__ - INFO - fetched 5149 rows using SELECT TICKER, DATA, CLOSE_PRICE FROM ETF_HISTORY WHERE TICKER IN (SELECT TICKER FROM CURRENT_ETF) AND DATA >= '01-JAN-2020' ORDER BY DATA
2025-09-03 00:30:13,817 - __main__ - INFO - fetched 5149 rows using SELECT TICKER, DATA, CLOSE_PRICE FROM ETF_HISTORY WHERE TICKER IN (SELECT TICKER FROM CURRENT_ETF) AND DATA >= '01-JAN-2020' ORDER BY DATA
2025-09-03 00:30:25,746 - __main__ - INFO - fetched 5149 rows using SELECT TICKER, DATA, CLOSE_PRICE FROM ETF_HISTORY WHERE TICKER IN (SELECT TICKER FROM CURRENT_ETF) AND DATA >= '01-JAN-2020' ORDER BY DATA
2025-09-03 00:32:21,238 - __main__ - INFO - fetched 5149 rows using SELECT TICKER, DATA, CLOSE_PRICE FROM ETF_HISTORY WHERE TICKER IN (SELECT TICKER FROM CURRENT_ETF) AND DATA >= '01-JAN-2020' ORDER BY DATA
2025-09-03 00:32:29,165 - __main__ - INFO - fetched 5149 rows using SELECT TICKER, DATA, CLOSE_PRICE FROM ETF_HISTORY WHERE TICKER IN (SELECT TICKER FROM CURRENT_ETF) AND DATA >= '01-JAN-2020' ORDER BY DATA
2025-09-03 00:32:38,869 - __main__ - INFO - fetched 5149 rows using SELECT TICKER, DATA, CLOSE_PRICE FROM ETF_HISTORY WHERE TICKER IN (SELECT TICKER FROM CURRENT_ETF) AND DATA >= '01-JAN-2020' ORDER BY DATA
2025-09-03 00:32:53,954 - __main__ - INFO - fetched 5149 rows using SELECT TICKER, DATA, CLOSE_PRICE FROM ETF_HISTORY WHERE TICKER IN (SELECT TICKER FROM CURRENT_ETF) AND DATA >= '01-JAN-2020' ORDER BY DATA
2025-09-03 00:33:06,364 - __main__ - INFO - fetched 5149 rows using SELECT TICKER, DATA, CLOSE_PRICE FROM ETF_HISTORY WHERE TICKER IN (SELECT TICKER FROM CURRENT_ETF) AND DATA >= '01-JAN-2020' ORDER BY DATA
2025-09-03 00:33:09,464 - __main__ - INFO - fetched 5149 rows using SELECT TICKER, DATA, CLOSE_PRICE FROM ETF_HISTORY WHERE TICKER IN (SELECT TICKER FROM CURRENT_ETF) AND DATA >= '01-JAN-2020' ORDER BY DATA
2025-09-03 00:33:13,714 - __main__ - INFO - fetched 5149 rows using SELECT TICKER, DATA, CLOSE_PRICE FROM ETF_HISTORY WHERE TICKER IN (SELECT TICKER FROM CURRENT_ETF) AND DATA >= '01-JAN-2020' ORDER BY DATA
2025-09-03 00:34:07,771 - __main__ - INFO - fetched 5149 rows using SELECT TICKER, DATA, CLOSE_PRICE FROM ETF_HISTORY WHERE TICKER IN (SELECT TICKER FROM CURRENT_ETF) AND DATA >= '01-JAN-2020' ORDER BY DATA
2025-09-03 00:34:13,794 - __main__ - INFO - fetched 5149 rows using SELECT TICKER, DATA, CLOSE_PRICE FROM ETF_HISTORY WHERE TICKER IN (SELECT TICKER FROM CURRENT_ETF) AND DATA >= '01-JAN-2020' ORDER BY DATA
2025-09-03 00:34:30,148 - __main__ - INFO - fetched 5149 rows using SELECT TICKER, DATA, CLOSE_PRICE FROM ETF_HISTORY WHERE TICKER IN (SELECT TICKER FROM CURRENT_ETF) AND DATA >= '01-JAN-2020' ORDER BY DATA
2025-09-03 00:34:33,599 - __main__ - INFO - fetched 5149 rows using SELECT TICKER, DATA, CLOSE_PRICE FROM ETF_HISTORY WHERE TICKER IN (SELECT TICKER FROM CURRENT_ETF) AND DATA >= '01-JAN-2020' ORDER BY DATA
2025-09-03 00:35:16,047 - __main__ - INFO - fetched 5149 rows using SELECT TICKER, DATA, CLOSE_PRICE FROM ETF_HISTORY WHERE TICKER IN (SELECT TICKER FROM CURRENT_ETF) AND DATA >= '01-JAN-2020' ORDER BY DATA
2025-09-03 00:44:02,950 - __main__ - INFO - fetched 5149 rows using SELECT TICKER, DATA, CLOSE_PRICE FROM ETF_HISTORY WHERE TICKER IN (SELECT TICKER FROM CURRENT_ETF) AND DATA >= '01-JAN-2020' ORDER BY DATA
2025-09-03 00:47:56,854 - __main__ - INFO - fetched 5149 rows using SELECT TICKER, DATA, CLOSE_PRICE FROM ETF_HISTORY WHERE TICKER IN (SELECT TICKER FROM CURRENT_ETF) AND DATA >= '01-JAN-2020' ORDER BY DATA
2025-09-03 00:48:06,296 - __main__ - INFO - fetched 5149 rows using SELECT TICKER, DATA, CLOSE_PRICE FROM ETF_HISTORY WHERE TICKER IN (SELECT TICKER FROM CURRENT_ETF) AND DATA >= '01-JAN-2020' ORDER BY DATA
2025-09-03 00:48:06,299 - __main__ - ERROR - An error occurred '>' not supported between instances of 'float' and 'str'
2025-09-03 00:48:15,908 - __main__ - INFO - fetched 5149 rows using SELECT TICKER, DATA, CLOSE_PRICE FROM ETF_HISTORY WHERE TICKER IN (SELECT TICKER FROM CURRENT_ETF) AND DATA >= '01-JAN-2020' ORDER BY DATA
2025-09-03 00:48:15,911 - __main__ - ERROR - An error occurred: '>' not supported between instances of 'float' and 'str'
2025-09-03 18:34:19,528 - __main__ - INFO - fetched 5153 rows using SELECT TICKER, DATA, CLOSE_PRICE FROM ETF_HISTORY WHERE TICKER IN (SELECT TICKER FROM CURRENT_ETF) AND DATA >= '01-JAN-2020' ORDER BY DATA
2025-09-03 18:34:44,016 - __main__ - INFO - fetched 5153 rows using SELECT TICKER, DATA, CLOSE_PRICE FROM ETF_HISTORY WHERE TICKER IN (SELECT TICKER FROM CURRENT_ETF) AND DATA >= '01-JAN-2020' ORDER BY DATA
2025-09-03 19:34:54,873 - __main__ - INFO - fetched 5153 rows using SELECT TICKER, DATA, CLOSE_PRICE FROM ETF_HISTORY WHERE TICKER IN (SELECT TICKER FROM CURRENT_ETF) AND DATA >= '01-JAN-2020' ORDER BY DATA
2025-09-03 19:34:54,876 - __main__ - ERROR - An error occurred: cannot unpack non-iterable datetime.datetime object
2025-09-03 19:39:59,216 - __main__ - INFO - fetched 5153 rows using SELECT TICKER, DATA, CLOSE_PRICE FROM ETF_HISTORY WHERE TICKER IN (SELECT TICKER FROM CURRENT_ETF) AND DATA >= '01-JAN-2020' ORDER BY DATA
2025-09-03 19:41:19,435 - __main__ - INFO - fetched 5153 rows using SELECT TICKER, DATA, CLOSE_PRICE FROM ETF_HISTORY WHERE TICKER IN (SELECT TICKER FROM CURRENT_ETF) AND DATA >= '01-JAN-2020' ORDER BY DATA
2025-09-03 19:43:06,263 - __main__ - INFO - fetched 5153 rows using SELECT TICKER, DATA, CLOSE_PRICE FROM ETF_HISTORY WHERE TICKER IN (SELECT TICKER FROM CURRENT_ETF) AND DATA >= '01-JAN-2020' ORDER BY DATA
2025-09-03 19:43:35,029 - __main__ - INFO - fetched 5153 rows using SELECT TICKER, DATA, CLOSE_PRICE FROM ETF_HISTORY WHERE TICKER IN (SELECT TICKER FROM CURRENT_ETF) AND DATA >= '01-JAN-2020' ORDER BY DATA
2025-09-03 19:43:50,075 - __main__ - INFO - fetched 5153 rows using SELECT TICKER, DATA, CLOSE_PRICE FROM ETF_HISTORY WHERE TICKER IN (SELECT TICKER FROM CURRENT_ETF) AND DATA >= '01-JAN-2020' ORDER BY DATA
2025-09-03 19:46:17,513 - __main__ - INFO - fetched 5153 rows using SELECT TICKER, DATA, CLOSE_PRICE FROM ETF_HISTORY WHERE TICKER IN (SELECT TICKER FROM CURRENT_ETF) AND DATA >= '01-JAN-2020' ORDER BY DATA
2025-09-03 19:49:27,763 - __main__ - INFO - fetched 5153 rows using SELECT TICKER, DATA, CLOSE_PRICE FROM ETF_HISTORY WHERE TICKER IN (SELECT TICKER FROM CURRENT_ETF) AND DATA >= '01-JAN-2020' ORDER BY DATA
2025-09-03 19:49:54,685 - __main__ - INFO - fetched 5153 rows using SELECT TICKER, DATA, CLOSE_PRICE FROM ETF_HISTORY WHERE TICKER IN (SELECT TICKER FROM CURRENT_ETF) AND DATA >= '01-JAN-2020' ORDER BY DATA
2025-09-03 19:51:49,372 - __main__ - INFO - fetched 5153 rows using SELECT TICKER, DATA, CLOSE_PRICE FROM ETF_HISTORY WHERE TICKER IN (SELECT TICKER FROM CURRENT_ETF) AND DATA >= '01-JAN-2020' ORDER BY DATA
2025-09-03 19:52:08,325 - __main__ - INFO - fetched 5153 rows using SELECT TICKER, DATA, CLOSE_PRICE FROM ETF_HISTORY WHERE TICKER IN (SELECT TICKER FROM CURRENT_ETF) AND DATA >= '01-JAN-2020' ORDER BY DATA
2025-09-03 19:59:44,670 - __main__ - INFO - fetched 5153 rows using SELECT TICKER, DATA, CLOSE_PRICE FROM ETF_HISTORY WHERE TICKER IN (SELECT TICKER FROM CURRENT_ETF) AND DATA >= '01-JAN-2020' ORDER BY DATA
2025-09-03 20:26:29,146 - __main__ - INFO - fetched 5153 rows using SELECT TICKER, DATA, CLOSE_PRICE FROM ETF_HISTORY WHERE TICKER IN (SELECT TICKER FROM CURRENT_ETF) AND DATA >= '01-JAN-2020' ORDER BY DATA
2025-09-03 20:45:47,326 - __main__ - INFO - fetched 5153 rows using SELECT TICKER, DATA, CLOSE_PRICE FROM ETF_HISTORY WHERE TICKER IN (SELECT TICKER FROM CURRENT_ETF) AND DATA >= '01-JAN-2020' ORDER BY DATA
2025-09-03 20:54:31,558 - __main__ - INFO - fetched 5153 rows using SELECT TICKER, DATA, CLOSE_PRICE FROM ETF_HISTORY WHERE TICKER IN (SELECT TICKER FROM CURRENT_ETF) AND DATA >= '01-JAN-2020' ORDER BY DATA
2025-09-03 20:57:07,948 - __main__ - INFO - fetched 5153 rows using SELECT TICKER, DATA, CLOSE_PRICE FROM ETF_HISTORY WHERE TICKER IN (SELECT TICKER FROM CURRENT_ETF) AND DATA >= '01-JAN-2020' ORDER BY DATA
2025-09-03 21:24:11,232 - __main__ - INFO - fetched 5153 rows using SELECT TICKER, DATA, CLOSE_PRICE FROM ETF_HISTORY WHERE TICKER IN (SELECT TICKER FROM CURRENT_ETF) AND DATA >= '01-JAN-2020' ORDER BY DATA
2025-09-03 21:24:36,060 - __main__ - INFO - fetched 5153 rows using SELECT TICKER, DATA, CLOSE_PRICE FROM ETF_HISTORY WHERE TICKER IN (SELECT TICKER FROM CURRENT_ETF) AND DATA >= '01-JAN-2020' ORDER BY DATA
2025-09-03 21:24:41,111 - __main__ - INFO - fetched 5153 rows using SELECT TICKER, DATA, CLOSE_PRICE FROM ETF_HISTORY WHERE TICKER IN (SELECT TICKER FROM CURRENT_ETF) AND DATA >= '01-JAN-2020' ORDER BY DATA
2025-09-03 21:26:15,279 - __main__ - INFO - fetched 5153 rows using SELECT TICKER, DATA, CLOSE_PRICE FROM ETF_HISTORY WHERE TICKER IN (SELECT TICKER FROM CURRENT_ETF) AND DATA >= '01-JAN-2020' ORDER BY DATA
2025-09-03 21:26:15,294 - __main__ - ERROR - An error occurred: cannot unpack non-iterable datetime.datetime object
2025-09-03 21:27:58,091 - __main__ - INFO - fetched 5153 rows using SELECT TICKER, DATA, CLOSE_PRICE FROM ETF_HISTORY WHERE TICKER IN (SELECT TICKER FROM CURRENT_ETF) AND DATA >= '01-JAN-2020' ORDER BY DATA
2025-09-03 21:29:00,497 - __main__ - INFO - fetched 5153 rows using SELECT TICKER, DATA, CLOSE_PRICE FROM ETF_HISTORY WHERE TICKER IN (SELECT TICKER FROM CURRENT_ETF) AND DATA >= '01-JAN-2020' ORDER BY DATA
2025-09-03 21:30:05,327 - __main__ - INFO - fetched 5153 rows using SELECT TICKER, DATA, CLOSE_PRICE FROM ETF_HISTORY WHERE TICKER IN (SELECT TICKER FROM CURRENT_ETF) AND DATA >= '01-JAN-2020' ORDER BY DATA
2025-09-03 23:58:08,106 - __main__ - INFO - fetched 5153 rows using SELECT TICKER, DATA, CLOSE_PRICE FROM ETF_HISTORY WHERE TICKER IN (SELECT TICKER FROM CURRENT_ETF) AND DATA >= '01-JAN-2020' ORDER BY DATA
2025-09-03 23:59:51,926 - __main__ - INFO - fetched 5153 rows using SELECT TICKER, DATA, CLOSE_PRICE FROM ETF_HISTORY WHERE TICKER IN (SELECT TICKER FROM CURRENT_ETF) AND DATA >= '01-JAN-2020' ORDER BY DATA
2025-09-03 23:59:59,518 - __main__ - INFO - fetched 5153 rows using SELECT TICKER, DATA, CLOSE_PRICE FROM ETF_HISTORY WHERE TICKER IN (SELECT TICKER FROM CURRENT_ETF) AND DATA >= '01-JAN-2020' ORDER BY DATA
2025-09-04 00:00:15,890 - __main__ - INFO - fetched 5153 rows using SELECT TICKER, DATA, CLOSE_PRICE FROM ETF_HISTORY WHERE TICKER IN (SELECT TICKER FROM CURRENT_ETF) AND DATA >= '01-JAN-2020' ORDER BY DATA
2025-09-04 00:00:36,707 - __main__ - INFO - fetched 5153 rows using SELECT TICKER, DATA, CLOSE_PRICE FROM ETF_HISTORY WHERE TICKER IN (SELECT TICKER FROM CURRENT_ETF) AND DATA >= '01-JAN-2020' ORDER BY DATA
2025-09-04 00:01:09,019 - __main__ - INFO - fetched 5153 rows using SELECT TICKER, DATA, CLOSE_PRICE FROM ETF_HISTORY WHERE TICKER IN (SELECT TICKER FROM CURRENT_ETF) AND DATA >= '01-JAN-2020' ORDER BY DATA
2025-09-04 00:01:09,024 - __main__ - ERROR - An error occurred: tuple index out of range
2025-09-04 00:01:16,931 - __main__ - INFO - fetched 5153 rows using SELECT TICKER, DATA, CLOSE_PRICE FROM ETF_HISTORY WHERE TICKER IN (SELECT TICKER FROM CURRENT_ETF) AND DATA >= '01-JAN-2020' ORDER BY DATA
2025-09-04 00:01:16,936 - __main__ - ERROR - An error occurred: tuple index out of range
2025-09-04 00:02:13,924 - __main__ - INFO - fetched 5153 rows using SELECT TICKER, DATA, CLOSE_PRICE FROM ETF_HISTORY WHERE TICKER IN (SELECT TICKER FROM CURRENT_ETF) AND DATA >= '01-JAN-2020' ORDER BY DATA
2025-09-04 00:03:04,044 - __main__ - INFO - fetched 5153 rows using SELECT TICKER, DATA, CLOSE_PRICE FROM ETF_HISTORY WHERE TICKER IN (SELECT TICKER FROM CURRENT_ETF) AND DATA >= '01-JAN-2020' ORDER BY DATA
